# JRE version: Java(TM) SE Runtime Environment (7.0_79-b15) (build 1.7.0_79-b15)
# Java VM: Java HotSpot(TM) 64-Bit Server VM (24.79-b02 mixed mode windows-amd64 compressed oops)
Heap
 PSYoungGen      total 322560K, used 274086K [0x00000000eaa80000, 0x0000000100000000, 0x0000000100000000)
  eden space 296448K, 92% used [0x00000000eaa80000,0x00000000fb629980,0x00000000fcc00000)
  from space 26112K, 0% used [0x00000000fe680000,0x00000000fe680000,0x0000000100000000)
  to   space 26624K, 0% used [0x00000000fcc00000,0x00000000fcc00000,0x00000000fe600000)
 ParOldGen       total 87040K, used 51180K [0x00000000c0000000, 0x00000000c5500000, 0x00000000eaa80000)
  object space 87040K, 58% used [0x00000000c0000000,0x00000000c31fb158,0x00000000c5500000)
 PSPermGen       total 86016K, used 45393K [0x00000000b0000000, 0x00000000b5400000, 0x00000000c0000000)
  object space 86016K, 52% used [0x00000000b0000000,0x00000000b2c54700,0x00000000b5400000)
GC Heap History (10 events):
Event: 5.844 GC heap before
{Heap before GC invocations=7 (full 0):
 PSYoungGen      total 145408K, used 140900K [0x00000000eaa80000, 0x00000000f4280000, 0x0000000100000000)
  eden space 135168K, 100% used [0x00000000eaa80000,0x00000000f2e80000,0x00000000f2e80000)
  from space 10240K, 55% used [0x00000000f3880000,0x00000000f3e190e0,0x00000000f4280000)
  to   space 10240K, 0% used [0x00000000f2e80000,0x00000000f2e80000,0x00000000f3880000)
 ParOldGen       total 87040K, used 9089K [0x00000000c0000000, 0x00000000c5500000, 0x00000000eaa80000)
  object space 87040K, 10% used [0x00000000c0000000,0x00000000c08e0660,0x00000000c5500000)
 PSPermGen       total 21504K, used 21396K [0x00000000b0000000, 0x00000000b1500000, 0x00000000c0000000)
  object space 21504K, 99% used [0x00000000b0000000,0x00000000b14e5178,0x00000000b1500000)
Event: 5.858 GC heap after
Heap after GC invocations=7 (full 0):
 PSYoungGen      total 145408K, used 3252K [0x00000000eaa80000, 0x00000000fc680000, 0x0000000100000000)
  eden space 135168K, 0% used [0x00000000eaa80000,0x00000000eaa80000,0x00000000f2e80000)
  from space 10240K, 31% used [0x00000000f2e80000,0x00000000f31ad0e0,0x00000000f3880000)
  to   space 10240K, 0% used [0x00000000fbc80000,0x00000000fbc80000,0x00000000fc680000)
 ParOldGen       total 87040K, used 12109K [0x00000000c0000000, 0x00000000c5500000, 0x00000000eaa80000)
  object space 87040K, 13% used [0x00000000c0000000,0x00000000c0bd3428,0x00000000c5500000)
 PSPermGen       total 21504K, used 21396K [0x00000000b0000000, 0x00000000b1500000, 0x00000000c0000000)
  object space 21504K, 99% used [0x00000000b0000000,0x00000000b14e5178,0x00000000b1500000)
}
Event: 7.710 GC heap before
{Heap before GC invocations=8 (full 0):
 PSYoungGen      total 145408K, used 138420K [0x00000000eaa80000, 0x00000000fc680000, 0x0000000100000000)
  eden space 135168K, 100% used [0x00000000eaa80000,0x00000000f2e80000,0x00000000f2e80000)
  from space 10240K, 31% used [0x00000000f2e80000,0x00000000f31ad0e0,0x00000000f3880000)
  to   space 10240K, 0% used [0x00000000fbc80000,0x00000000fbc80000,0x00000000fc680000)
 ParOldGen       total 87040K, used 12109K [0x00000000c0000000, 0x00000000c5500000, 0x00000000eaa80000)
  object space 87040K, 13% used [0x00000000c0000000,0x00000000c0bd3428,0x00000000c5500000)
 PSPermGen       total 28672K, used 28386K [0x00000000b0000000, 0x00000000b1c00000, 0x00000000c0000000)
  object space 28672K, 99% used [0x00000000b0000000,0x00000000b1bb89c0,0x00000000b1c00000)
Event: 7.741 GC heap after
Heap after GC invocations=8 (full 0):
 PSYoungGen      total 277504K, used 10237K [0x00000000eaa80000, 0x00000000fcc80000, 0x0000000100000000)
  eden space 267264K, 0% used [0x00000000eaa80000,0x00000000eaa80000,0x00000000faf80000)
  from space 10240K, 99% used [0x00000000fbc80000,0x00000000fc67f6f0,0x00000000fc680000)
  to   space 13312K, 0% used [0x00000000faf80000,0x00000000faf80000,0x00000000fbc80000)
 ParOldGen       total 87040K, used 16058K [0x00000000c0000000, 0x00000000c5500000, 0x00000000eaa80000)
  object space 87040K, 18% used [0x00000000c0000000,0x00000000c0fae8d0,0x00000000c5500000)
 PSPermGen       total 28672K, used 28386K [0x00000000b0000000, 0x00000000b1c00000, 0x00000000c0000000)
  object space 28672K, 99% used [0x00000000b0000000,0x00000000b1bb89c0,0x00000000b1c00000)
}
Event: 13.273 GC heap before
{Heap before GC invocations=9 (full 0):
 PSYoungGen      total 277504K, used 277501K [0x00000000eaa80000, 0x00000000fcc80000, 0x0000000100000000)
  eden space 267264K, 100% used [0x00000000eaa80000,0x00000000faf80000,0x00000000faf80000)
  from space 10240K, 99% used [0x00000000fbc80000,0x00000000fc67f6f0,0x00000000fc680000)
  to   space 13312K, 0% used [0x00000000faf80000,0x00000000faf80000,0x00000000fbc80000)
 ParOldGen       total 87040K, used 16058K [0x00000000c0000000, 0x00000000c5500000, 0x00000000eaa80000)
  object space 87040K, 18% used [0x00000000c0000000,0x00000000c0fae8d0,0x00000000c5500000)
 PSPermGen       total 40960K, used 40836K [0x00000000b0000000, 0x00000000b2800000, 0x00000000c0000000)
  object space 40960K, 99% used [0x00000000b0000000,0x00000000b27e1140,0x00000000b2800000)
Event: 14.002 GC heap after
Heap after GC invocations=9 (full 0):
 PSYoungGen      total 280576K, used 13280K [0x00000000eaa80000, 0x0000000100000000, 0x0000000100000000)
  eden space 267264K, 0% used [0x00000000eaa80000,0x00000000eaa80000,0x00000000faf80000)
  from space 13312K, 99% used [0x00000000faf80000,0x00000000fbc78010,0x00000000fbc80000)
  to   space 26112K, 0% used [0x00000000fe680000,0x00000000fe680000,0x0000000100000000)
 ParOldGen       total 87040K, used 43150K [0x00000000c0000000, 0x00000000c5500000, 0x00000000eaa80000)
  object space 87040K, 49% used [0x00000000c0000000,0x00000000c2a23930,0x00000000c5500000)
 PSPermGen       total 40960K, used 40836K [0x00000000b0000000, 0x00000000b2800000, 0x00000000c0000000)
  object space 40960K, 99% used [0x00000000b0000000,0x00000000b27e1140,0x00000000b2800000)
}
Event: 15.129 GC heap before
{Heap before GC invocations=10 (full 0):
 PSYoungGen      total 280576K, used 74734K [0x00000000eaa80000, 0x0000000100000000, 0x0000000100000000)
  eden space 267264K, 22% used [0x00000000eaa80000,0x00000000ee6838c0,0x00000000faf80000)
  from space 13312K, 99% used [0x00000000faf80000,0x00000000fbc78010,0x00000000fbc80000)
  to   space 26112K, 0% used [0x00000000fe680000,0x00000000fe680000,0x0000000100000000)
 ParOldGen       total 87040K, used 43150K [0x00000000c0000000, 0x00000000c5500000, 0x00000000eaa80000)
  object space 87040K, 49% used [0x00000000c0000000,0x00000000c2a23930,0x00000000c5500000)
 PSPermGen       total 43008K, used 42946K [0x00000000b0000000, 0x00000000b2a00000, 0x00000000c0000000)
  object space 43008K, 99% used [0x00000000b0000000,0x00000000b29f0a58,0x00000000b2a00000)
Event: 15.206 GC heap after
Heap after GC invocations=10 (full 0):
 PSYoungGen      total 322560K, used 16646K [0x00000000eaa80000, 0x0000000100000000, 0x0000000100000000)
  eden space 296448K, 0% used [0x00000000eaa80000,0x00000000eaa80000,0x00000000fcc00000)
  from space 26112K, 63% used [0x00000000fe680000,0x00000000ff6c1b50,0x0000000100000000)
  to   space 26624K, 0% used [0x00000000fcc00000,0x00000000fcc00000,0x00000000fe600000)
 ParOldGen       total 87040K, used 45602K [0x00000000c0000000, 0x00000000c5500000, 0x00000000eaa80000)
  object space 87040K, 52% used [0x00000000c0000000,0x00000000c2c88960,0x00000000c5500000)
 PSPermGen       total 43008K, used 42946K [0x00000000b0000000, 0x00000000b2a00000, 0x00000000c0000000)
  object space 43008K, 99% used [0x00000000b0000000,0x00000000b29f0a58,0x00000000b2a00000)
}
Event: 15.206 GC heap before
{Heap before GC invocations=11 (full 1):
 PSYoungGen      total 322560K, used 16646K [0x00000000eaa80000, 0x0000000100000000, 0x0000000100000000)
  eden space 296448K, 0% used [0x00000000eaa80000,0x00000000eaa80000,0x00000000fcc00000)
  from space 26112K, 63% used [0x00000000fe680000,0x00000000ff6c1b50,0x0000000100000000)
  to   space 26624K, 0% used [0x00000000fcc00000,0x00000000fcc00000,0x00000000fe600000)
 ParOldGen       total 87040K, used 45602K [0x00000000c0000000, 0x00000000c5500000, 0x00000000eaa80000)
  object space 87040K, 52% used [0x00000000c0000000,0x00000000c2c88960,0x00000000c5500000)
 PSPermGen       total 43008K, used 42946K [0x00000000b0000000, 0x00000000b2a00000, 0x00000000c0000000)
  object space 43008K, 99% used [0x00000000b0000000,0x00000000b29f0a58,0x00000000b2a00000)
Event: 15.815 GC heap after
Heap after GC invocations=11 (full 1):
 PSYoungGen      total 322560K, used 0K [0x00000000eaa80000, 0x0000000100000000, 0x0000000100000000)
  eden space 296448K, 0% used [0x00000000eaa80000,0x00000000eaa80000,0x00000000fcc00000)
  from space 26112K, 0% used [0x00000000fe680000,0x00000000fe680000,0x0000000100000000)
  to   space 26624K, 0% used [0x00000000fcc00000,0x00000000fcc00000,0x00000000fe600000)
 ParOldGen       total 87040K, used 51180K [0x00000000c0000000, 0x00000000c5500000, 0x00000000eaa80000)
  object space 87040K, 58% used [0x00000000c0000000,0x00000000c31fb158,0x00000000c5500000)
 PSPermGen       total 86016K, used 42886K [0x00000000b0000000, 0x00000000b5400000, 0x00000000c0000000)
  object space 86016K, 49% used [0x00000000b0000000,0x00000000b29e1b70,0x00000000b5400000)
}

