# JRE version: Java(TM) SE Runtime Environment (7.0_79-b15) (build 1.7.0_79-b15)
# Java VM: Java HotSpot(TM) 64-Bit Server VM (24.79-b02 mixed mode windows-amd64 compressed oops)
Heap
 PSYoungGen      total 318464K, used 114961K [0x00000000eaa80000, 0x00000000fff80000, 0x0000000100000000)
  eden space 287744K, 39% used [0x00000000eaa80000,0x00000000f1ac4678,0x00000000fc380000)
  from space 30720K, 0% used [0x00000000fe180000,0x00000000fe180000,0x00000000fff80000)
  to   space 30720K, 0% used [0x00000000fc380000,0x00000000fc380000,0x00000000fe180000)
 ParOldGen       total 87040K, used 49689K [0x00000000c0000000, 0x00000000c5500000, 0x00000000eaa80000)
  object space 87040K, 57% used [0x00000000c0000000,0x00000000c3086420,0x00000000c5500000)
 PSPermGen       total 100864K, used 51380K [0x00000000b0000000, 0x00000000b6280000, 0x00000000c0000000)
  object space 100864K, 50% used [0x00000000b0000000,0x00000000b322d028,0x00000000b6280000)
GC Heap History (10 events):
Event: 13.525 GC heap before
{Heap before GC invocations=8 (full 0):
 PSYoungGen      total 282112K, used 143306K [0x00000000eaa80000, 0x0000000100000000, 0x0000000100000000)
  eden space 269312K, 48% used [0x00000000eaa80000,0x00000000f29f9090,0x00000000fb180000)
  from space 12800K, 99% used [0x00000000fb180000,0x00000000fbdf9b10,0x00000000fbe00000)
  to   space 29184K, 0% used [0x00000000fe380000,0x00000000fe380000,0x0000000100000000)
 ParOldGen       total 87040K, used 38285K [0x00000000c0000000, 0x00000000c5500000, 0x00000000eaa80000)
  object space 87040K, 43% used [0x00000000c0000000,0x00000000c2563790,0x00000000c5500000)
 PSPermGen       total 43520K, used 43246K [0x00000000b0000000, 0x00000000b2a80000, 0x00000000c0000000)
  object space 43520K, 99% used [0x00000000b0000000,0x00000000b2a3ba98,0x00000000b2a80000)
Event: 13.574 GC heap after
Heap after GC invocations=8 (full 0):
 PSYoungGen      total 313344K, used 24989K [0x00000000eaa80000, 0x0000000100000000, 0x0000000100000000)
  eden space 284160K, 0% used [0x00000000eaa80000,0x00000000eaa80000,0x00000000fc000000)
  from space 29184K, 85% used [0x00000000fe380000,0x00000000ffbe7440,0x0000000100000000)
  to   space 32768K, 0% used [0x00000000fc000000,0x00000000fc000000,0x00000000fe000000)
 ParOldGen       total 87040K, used 39914K [0x00000000c0000000, 0x00000000c5500000, 0x00000000eaa80000)
  object space 87040K, 45% used [0x00000000c0000000,0x00000000c26fa8d0,0x00000000c5500000)
 PSPermGen       total 43520K, used 43246K [0x00000000b0000000, 0x00000000b2a80000, 0x00000000c0000000)
  object space 43520K, 99% used [0x00000000b0000000,0x00000000b2a3ba98,0x00000000b2a80000)
}
Event: 13.574 GC heap before
{Heap before GC invocations=9 (full 1):
 PSYoungGen      total 313344K, used 24989K [0x00000000eaa80000, 0x0000000100000000, 0x0000000100000000)
  eden space 284160K, 0% used [0x00000000eaa80000,0x00000000eaa80000,0x00000000fc000000)
  from space 29184K, 85% used [0x00000000fe380000,0x00000000ffbe7440,0x0000000100000000)
  to   space 32768K, 0% used [0x00000000fc000000,0x00000000fc000000,0x00000000fe000000)
 ParOldGen       total 87040K, used 39914K [0x00000000c0000000, 0x00000000c5500000, 0x00000000eaa80000)
  object space 87040K, 45% used [0x00000000c0000000,0x00000000c26fa8d0,0x00000000c5500000)
 PSPermGen       total 43520K, used 43246K [0x00000000b0000000, 0x00000000b2a80000, 0x00000000c0000000)
  object space 43520K, 99% used [0x00000000b0000000,0x00000000b2a3ba98,0x00000000b2a80000)
Event: 14.066 GC heap after
Heap after GC invocations=9 (full 1):
 PSYoungGen      total 313344K, used 0K [0x00000000eaa80000, 0x0000000100000000, 0x0000000100000000)
  eden space 284160K, 0% used [0x00000000eaa80000,0x00000000eaa80000,0x00000000fc000000)
  from space 29184K, 0% used [0x00000000fe380000,0x00000000fe380000,0x0000000100000000)
  to   space 32768K, 0% used [0x00000000fc000000,0x00000000fc000000,0x00000000fe000000)
 ParOldGen       total 87040K, used 59531K [0x00000000c0000000, 0x00000000c5500000, 0x00000000eaa80000)
  object space 87040K, 68% used [0x00000000c0000000,0x00000000c3a22e40,0x00000000c5500000)
 PSPermGen       total 86528K, used 43187K [0x00000000b0000000, 0x00000000b5480000, 0x00000000c0000000)
  object space 86528K, 49% used [0x00000000b0000000,0x00000000b2a2cca8,0x00000000b5480000)
}
Event: 236.963 GC heap before
{Heap before GC invocations=10 (full 1):
 PSYoungGen      total 313344K, used 284160K [0x00000000eaa80000, 0x0000000100000000, 0x0000000100000000)
  eden space 284160K, 100% used [0x00000000eaa80000,0x00000000fc000000,0x00000000fc000000)
  from space 29184K, 0% used [0x00000000fe380000,0x00000000fe380000,0x0000000100000000)
  to   space 32768K, 0% used [0x00000000fc000000,0x00000000fc000000,0x00000000fe000000)
 ParOldGen       total 87040K, used 59531K [0x00000000c0000000, 0x00000000c5500000, 0x00000000eaa80000)
  object space 87040K, 68% used [0x00000000c0000000,0x00000000c3a22e40,0x00000000c5500000)
 PSPermGen       total 86528K, used 46164K [0x00000000b0000000, 0x00000000b5480000, 0x00000000c0000000)
  object space 86528K, 53% used [0x00000000b0000000,0x00000000b2d15278,0x00000000b5480000)
Event: 236.979 GC heap after
Heap after GC invocations=10 (full 1):
 PSYoungGen      total 316928K, used 10402K [0x00000000eaa80000, 0x0000000100000000, 0x0000000100000000)
  eden space 284160K, 0% used [0x00000000eaa80000,0x00000000eaa80000,0x00000000fc000000)
  from space 32768K, 31% used [0x00000000fc000000,0x00000000fca28bb8,0x00000000fe000000)
  to   space 31232K, 0% used [0x00000000fe180000,0x00000000fe180000,0x0000000100000000)
 ParOldGen       total 87040K, used 59531K [0x00000000c0000000, 0x00000000c5500000, 0x00000000eaa80000)
  object space 87040K, 68% used [0x00000000c0000000,0x00000000c3a22e40,0x00000000c5500000)
 PSPermGen       total 86528K, used 46164K [0x00000000b0000000, 0x00000000b5480000, 0x00000000c0000000)
  object space 86528K, 53% used [0x00000000b0000000,0x00000000b2d15278,0x00000000b5480000)
}
Event: 239.529 GC heap before
{Heap before GC invocations=11 (full 1):
 PSYoungGen      total 316928K, used 199472K [0x00000000eaa80000, 0x0000000100000000, 0x0000000100000000)
  eden space 284160K, 66% used [0x00000000eaa80000,0x00000000f63234b8,0x00000000fc000000)
  from space 32768K, 31% used [0x00000000fc000000,0x00000000fca28bb8,0x00000000fe000000)
  to   space 31232K, 0% used [0x00000000fe180000,0x00000000fe180000,0x0000000100000000)
 ParOldGen       total 87040K, used 59531K [0x00000000c0000000, 0x00000000c5500000, 0x00000000eaa80000)
  object space 87040K, 68% used [0x00000000c0000000,0x00000000c3a22e40,0x00000000c5500000)
 PSPermGen       total 86528K, used 48001K [0x00000000b0000000, 0x00000000b5480000, 0x00000000c0000000)
  object space 86528K, 55% used [0x00000000b0000000,0x00000000b2ee06e0,0x00000000b5480000)
Event: 239.539 GC heap after
Heap after GC invocations=11 (full 1):
 PSYoungGen      total 318464K, used 6915K [0x00000000eaa80000, 0x00000000fff80000, 0x0000000100000000)
  eden space 287744K, 0% used [0x00000000eaa80000,0x00000000eaa80000,0x00000000fc380000)
  from space 30720K, 22% used [0x00000000fe180000,0x00000000fe840d98,0x00000000fff80000)
  to   space 30720K, 0% used [0x00000000fc380000,0x00000000fc380000,0x00000000fe180000)
 ParOldGen       total 87040K, used 59531K [0x00000000c0000000, 0x00000000c5500000, 0x00000000eaa80000)
  object space 87040K, 68% used [0x00000000c0000000,0x00000000c3a22e40,0x00000000c5500000)
 PSPermGen       total 86528K, used 48001K [0x00000000b0000000, 0x00000000b5480000, 0x00000000c0000000)
  object space 86528K, 55% used [0x00000000b0000000,0x00000000b2ee06e0,0x00000000b5480000)
}
Event: 239.539 GC heap before
{Heap before GC invocations=12 (full 2):
 PSYoungGen      total 318464K, used 6915K [0x00000000eaa80000, 0x00000000fff80000, 0x0000000100000000)
  eden space 287744K, 0% used [0x00000000eaa80000,0x00000000eaa80000,0x00000000fc380000)
  from space 30720K, 22% used [0x00000000fe180000,0x00000000fe840d98,0x00000000fff80000)
  to   space 30720K, 0% used [0x00000000fc380000,0x00000000fc380000,0x00000000fe180000)
 ParOldGen       total 87040K, used 59531K [0x00000000c0000000, 0x00000000c5500000, 0x00000000eaa80000)
  object space 87040K, 68% used [0x00000000c0000000,0x00000000c3a22e40,0x00000000c5500000)
 PSPermGen       total 86528K, used 48001K [0x00000000b0000000, 0x00000000b5480000, 0x00000000c0000000)
  object space 86528K, 55% used [0x00000000b0000000,0x00000000b2ee06e0,0x00000000b5480000)
Event: 239.850 GC heap after
Heap after GC invocations=12 (full 2):
 PSYoungGen      total 318464K, used 0K [0x00000000eaa80000, 0x00000000fff80000, 0x0000000100000000)
  eden space 287744K, 0% used [0x00000000eaa80000,0x00000000eaa80000,0x00000000fc380000)
  from space 30720K, 0% used [0x00000000fe180000,0x00000000fe180000,0x00000000fff80000)
  to   space 30720K, 0% used [0x00000000fc380000,0x00000000fc380000,0x00000000fe180000)
 ParOldGen       total 87040K, used 49689K [0x00000000c0000000, 0x00000000c5500000, 0x00000000eaa80000)
  object space 87040K, 57% used [0x00000000c0000000,0x00000000c3086420,0x00000000c5500000)
 PSPermGen       total 100864K, used 47997K [0x00000000b0000000, 0x00000000b6280000, 0x00000000c0000000)
  object space 100864K, 47% used [0x00000000b0000000,0x00000000b2edf418,0x00000000b6280000)
}

