# JRE version: Java(TM) SE Runtime Environment (7.0_79-b15) (build 1.7.0_79-b15)
# Java VM: Java HotSpot(TM) 64-Bit Server VM (24.79-b02 mixed mode windows-amd64 compressed oops)
Heap
 PSYoungGen      total 307712K, used 182571K [0x00000000eaa80000, 0x0000000100000000, 0x0000000100000000)
  eden space 265728K, 68% used [0x00000000eaa80000,0x00000000f5ccaf58,0x00000000fae00000)
  from space 41984K, 0% used [0x00000000fd700000,0x00000000fd700000,0x0000000100000000)
  to   space 41984K, 0% used [0x00000000fae00000,0x00000000fae00000,0x00000000fd700000)
 ParOldGen       total 148480K, used 90567K [0x00000000c0000000, 0x00000000c9100000, 0x00000000eaa80000)
  object space 148480K, 60% used [0x00000000c0000000,0x00000000c5871c78,0x00000000c9100000)
 PSPermGen       total 126976K, used 92734K [0x00000000b0000000, 0x00000000b7c00000, 0x00000000c0000000)
  object space 126976K, 73% used [0x00000000b0000000,0x00000000b5a8f8e0,0x00000000b7c00000)
GC Heap History (10 events):
Event: 1038.480 GC heap before
{Heap before GC invocations=18 (full 4):
 PSYoungGen      total 251392K, used 64348K [0x00000000eaa80000, 0x00000000feb00000, 0x0000000100000000)
  eden space 248320K, 25% used [0x00000000eaa80000,0x00000000ee957190,0x00000000f9d00000)
  from space 3072K, 0% used [0x00000000fa900000,0x00000000fa900000,0x00000000fac00000)
  to   space 39936K, 0% used [0x00000000fc400000,0x00000000fc400000,0x00000000feb00000)
 ParOldGen       total 148480K, used 87019K [0x00000000c0000000, 0x00000000c9100000, 0x00000000eaa80000)
  object space 148480K, 58% used [0x00000000c0000000,0x00000000c54faf18,0x00000000c9100000)
 PSPermGen       total 121856K, used 75235K [0x00000000b0000000, 0x00000000b7700000, 0x00000000c0000000)
  object space 121856K, 61% used [0x00000000b0000000,0x00000000b4978df8,0x00000000b7700000)
Event: 1038.536 GC heap after
Heap after GC invocations=18 (full 4):
 PSYoungGen      total 290304K, used 15383K [0x00000000eaa80000, 0x0000000100000000, 0x0000000100000000)
  eden space 250368K, 0% used [0x00000000eaa80000,0x00000000eaa80000,0x00000000f9f00000)
  from space 39936K, 38% used [0x00000000fc400000,0x00000000fd305e10,0x00000000feb00000)
  to   space 37888K, 0% used [0x00000000f9f00000,0x00000000f9f00000,0x00000000fc400000)
 ParOldGen       total 148480K, used 87027K [0x00000000c0000000, 0x00000000c9100000, 0x00000000eaa80000)
  object space 148480K, 58% used [0x00000000c0000000,0x00000000c54fcf18,0x00000000c9100000)
 PSPermGen       total 121856K, used 75235K [0x00000000b0000000, 0x00000000b7700000, 0x00000000c0000000)
  object space 121856K, 61% used [0x00000000b0000000,0x00000000b4978df8,0x00000000b7700000)
}
Event: 1038.536 GC heap before
{Heap before GC invocations=19 (full 5):
 PSYoungGen      total 290304K, used 15383K [0x00000000eaa80000, 0x0000000100000000, 0x0000000100000000)
  eden space 250368K, 0% used [0x00000000eaa80000,0x00000000eaa80000,0x00000000f9f00000)
  from space 39936K, 38% used [0x00000000fc400000,0x00000000fd305e10,0x00000000feb00000)
  to   space 37888K, 0% used [0x00000000f9f00000,0x00000000f9f00000,0x00000000fc400000)
 ParOldGen       total 148480K, used 87027K [0x00000000c0000000, 0x00000000c9100000, 0x00000000eaa80000)
  object space 148480K, 58% used [0x00000000c0000000,0x00000000c54fcf18,0x00000000c9100000)
 PSPermGen       total 121856K, used 75235K [0x00000000b0000000, 0x00000000b7700000, 0x00000000c0000000)
  object space 121856K, 61% used [0x00000000b0000000,0x00000000b4978df8,0x00000000b7700000)
Event: 1038.997 GC heap after
Heap after GC invocations=19 (full 5):
 PSYoungGen      total 290304K, used 0K [0x00000000eaa80000, 0x0000000100000000, 0x0000000100000000)
  eden space 250368K, 0% used [0x00000000eaa80000,0x00000000eaa80000,0x00000000f9f00000)
  from space 39936K, 0% used [0x00000000fc400000,0x00000000fc400000,0x00000000feb00000)
  to   space 37888K, 0% used [0x00000000f9f00000,0x00000000f9f00000,0x00000000fc400000)
 ParOldGen       total 148480K, used 72047K [0x00000000c0000000, 0x00000000c9100000, 0x00000000eaa80000)
  object space 148480K, 48% used [0x00000000c0000000,0x00000000c465bd28,0x00000000c9100000)
 PSPermGen       total 121856K, used 74796K [0x00000000b0000000, 0x00000000b7700000, 0x00000000c0000000)
  object space 121856K, 61% used [0x00000000b0000000,0x00000000b490b120,0x00000000b7700000)
}
Event: 1170.175 GC heap before
{Heap before GC invocations=20 (full 5):
 PSYoungGen      total 290304K, used 250368K [0x00000000eaa80000, 0x0000000100000000, 0x0000000100000000)
  eden space 250368K, 100% used [0x00000000eaa80000,0x00000000f9f00000,0x00000000f9f00000)
  from space 39936K, 0% used [0x00000000fc400000,0x00000000fc400000,0x00000000feb00000)
  to   space 37888K, 0% used [0x00000000f9f00000,0x00000000f9f00000,0x00000000fc400000)
 ParOldGen       total 148480K, used 72047K [0x00000000c0000000, 0x00000000c9100000, 0x00000000eaa80000)
  object space 148480K, 48% used [0x00000000c0000000,0x00000000c465bd28,0x00000000c9100000)
 PSPermGen       total 121856K, used 84189K [0x00000000b0000000, 0x00000000b7700000, 0x00000000c0000000)
  object space 121856K, 69% used [0x00000000b0000000,0x00000000b5237408,0x00000000b7700000)
Event: 1170.212 GC heap after
Heap after GC invocations=20 (full 5):
 PSYoungGen      total 288256K, used 33316K [0x00000000eaa80000, 0x0000000100000000, 0x0000000100000000)
  eden space 250368K, 0% used [0x00000000eaa80000,0x00000000eaa80000,0x00000000f9f00000)
  from space 37888K, 87% used [0x00000000f9f00000,0x00000000fbf89058,0x00000000fc400000)
  to   space 41984K, 0% used [0x00000000fd700000,0x00000000fd700000,0x0000000100000000)
 ParOldGen       total 148480K, used 72047K [0x00000000c0000000, 0x00000000c9100000, 0x00000000eaa80000)
  object space 148480K, 48% used [0x00000000c0000000,0x00000000c465bd28,0x00000000c9100000)
 PSPermGen       total 121856K, used 84189K [0x00000000b0000000, 0x00000000b7700000, 0x00000000c0000000)
  object space 121856K, 69% used [0x00000000b0000000,0x00000000b5237408,0x00000000b7700000)
}
Event: 1172.893 GC heap before
{Heap before GC invocations=21 (full 5):
 PSYoungGen      total 288256K, used 69630K [0x00000000eaa80000, 0x0000000100000000, 0x0000000100000000)
  eden space 250368K, 14% used [0x00000000eaa80000,0x00000000ecdf6ae8,0x00000000f9f00000)
  from space 37888K, 87% used [0x00000000f9f00000,0x00000000fbf89058,0x00000000fc400000)
  to   space 41984K, 0% used [0x00000000fd700000,0x00000000fd700000,0x0000000100000000)
 ParOldGen       total 148480K, used 72047K [0x00000000c0000000, 0x00000000c9100000, 0x00000000eaa80000)
  object space 148480K, 48% used [0x00000000c0000000,0x00000000c465bd28,0x00000000c9100000)
 PSPermGen       total 121856K, used 85029K [0x00000000b0000000, 0x00000000b7700000, 0x00000000c0000000)
  object space 121856K, 69% used [0x00000000b0000000,0x00000000b5309568,0x00000000b7700000)
Event: 1172.917 GC heap after
Heap after GC invocations=21 (full 5):
 PSYoungGen      total 307712K, used 2698K [0x00000000eaa80000, 0x0000000100000000, 0x0000000100000000)
  eden space 265728K, 0% used [0x00000000eaa80000,0x00000000eaa80000,0x00000000fae00000)
  from space 41984K, 6% used [0x00000000fd700000,0x00000000fd9a2a80,0x0000000100000000)
  to   space 41984K, 0% used [0x00000000fae00000,0x00000000fae00000,0x00000000fd700000)
 ParOldGen       total 148480K, used 89383K [0x00000000c0000000, 0x00000000c9100000, 0x00000000eaa80000)
  object space 148480K, 60% used [0x00000000c0000000,0x00000000c5749ca0,0x00000000c9100000)
 PSPermGen       total 121856K, used 85029K [0x00000000b0000000, 0x00000000b7700000, 0x00000000c0000000)
  object space 121856K, 69% used [0x00000000b0000000,0x00000000b5309568,0x00000000b7700000)
}
Event: 1172.917 GC heap before
{Heap before GC invocations=22 (full 6):
 PSYoungGen      total 307712K, used 2698K [0x00000000eaa80000, 0x0000000100000000, 0x0000000100000000)
  eden space 265728K, 0% used [0x00000000eaa80000,0x00000000eaa80000,0x00000000fae00000)
  from space 41984K, 6% used [0x00000000fd700000,0x00000000fd9a2a80,0x0000000100000000)
  to   space 41984K, 0% used [0x00000000fae00000,0x00000000fae00000,0x00000000fd700000)
 ParOldGen       total 148480K, used 89383K [0x00000000c0000000, 0x00000000c9100000, 0x00000000eaa80000)
  object space 148480K, 60% used [0x00000000c0000000,0x00000000c5749ca0,0x00000000c9100000)
 PSPermGen       total 121856K, used 85029K [0x00000000b0000000, 0x00000000b7700000, 0x00000000c0000000)
  object space 121856K, 69% used [0x00000000b0000000,0x00000000b5309568,0x00000000b7700000)
Event: 1173.651 GC heap after
Heap after GC invocations=22 (full 6):
 PSYoungGen      total 307712K, used 0K [0x00000000eaa80000, 0x0000000100000000, 0x0000000100000000)
  eden space 265728K, 0% used [0x00000000eaa80000,0x00000000eaa80000,0x00000000fae00000)
  from space 41984K, 0% used [0x00000000fd700000,0x00000000fd700000,0x0000000100000000)
  to   space 41984K, 0% used [0x00000000fae00000,0x00000000fae00000,0x00000000fd700000)
 ParOldGen       total 148480K, used 90567K [0x00000000c0000000, 0x00000000c9100000, 0x00000000eaa80000)
  object space 148480K, 60% used [0x00000000c0000000,0x00000000c5871c78,0x00000000c9100000)
 PSPermGen       total 126976K, used 85022K [0x00000000b0000000, 0x00000000b7c00000, 0x00000000c0000000)
  object space 126976K, 66% used [0x00000000b0000000,0x00000000b5307b70,0x00000000b7c00000)
}

