# JRE version: Java(TM) SE Runtime Environment (7.0_79-b15) (build 1.7.0_79-b15)
# Java VM: Java HotSpot(TM) 64-Bit Server VM (24.79-b02 mixed mode windows-amd64 compressed oops)
Heap
 PSYoungGen      total 321536K, used 295424K [0x00000000eaa80000, 0x0000000100000000, 0x0000000100000000)
  eden space 295424K, 100% used [0x00000000eaa80000,0x00000000fcb00000,0x00000000fcb00000)
  from space 26112K, 0% used [0x00000000fe680000,0x00000000fe680000,0x0000000100000000)
  to   space 27136K, 51% used [0x00000000fcb00000,0x00000000fd8861c0,0x00000000fe580000)
 ParOldGen       total 87040K, used 53316K [0x00000000c0000000, 0x00000000c5500000, 0x00000000eaa80000)
  object space 87040K, 61% used [0x00000000c0000000,0x00000000c3411040,0x00000000c5500000)
 PSPermGen       total 86528K, used 49010K [0x00000000b0000000, 0x00000000b5480000, 0x00000000c0000000)
  object space 86528K, 56% used [0x00000000b0000000,0x00000000b2fdc978,0x00000000b5480000)
GC Heap History (10 events):
Event: 5.089 GC heap after
Heap after GC invocations=7 (full 0):
 PSYoungGen      total 145408K, used 3284K [0x00000000eaa80000, 0x00000000fc680000, 0x0000000100000000)
  eden space 135168K, 0% used [0x00000000eaa80000,0x00000000eaa80000,0x00000000f2e80000)
  from space 10240K, 32% used [0x00000000f2e80000,0x00000000f31b50e0,0x00000000f3880000)
  to   space 10240K, 0% used [0x00000000fbc80000,0x00000000fbc80000,0x00000000fc680000)
 ParOldGen       total 87040K, used 12183K [0x00000000c0000000, 0x00000000c5500000, 0x00000000eaa80000)
  object space 87040K, 13% used [0x00000000c0000000,0x00000000c0be5fd8,0x00000000c5500000)
 PSPermGen       total 21504K, used 21396K [0x00000000b0000000, 0x00000000b1500000, 0x00000000c0000000)
  object space 21504K, 99% used [0x00000000b0000000,0x00000000b14e52a0,0x00000000b1500000)
}
Event: 8.274 GC heap before
{Heap before GC invocations=8 (full 0):
 PSYoungGen      total 145408K, used 138452K [0x00000000eaa80000, 0x00000000fc680000, 0x0000000100000000)
  eden space 135168K, 100% used [0x00000000eaa80000,0x00000000f2e80000,0x00000000f2e80000)
  from space 10240K, 32% used [0x00000000f2e80000,0x00000000f31b50e0,0x00000000f3880000)
  to   space 10240K, 0% used [0x00000000fbc80000,0x00000000fbc80000,0x00000000fc680000)
 ParOldGen       total 87040K, used 12183K [0x00000000c0000000, 0x00000000c5500000, 0x00000000eaa80000)
  object space 87040K, 13% used [0x00000000c0000000,0x00000000c0be5fd8,0x00000000c5500000)
 PSPermGen       total 28672K, used 28381K [0x00000000b0000000, 0x00000000b1c00000, 0x00000000c0000000)
  object space 28672K, 98% used [0x00000000b0000000,0x00000000b1bb7750,0x00000000b1c00000)
Event: 8.387 GC heap after
Heap after GC invocations=8 (full 0):
 PSYoungGen      total 277504K, used 10228K [0x00000000eaa80000, 0x00000000fcc80000, 0x0000000100000000)
  eden space 267264K, 0% used [0x00000000eaa80000,0x00000000eaa80000,0x00000000faf80000)
  from space 10240K, 99% used [0x00000000fbc80000,0x00000000fc67d178,0x00000000fc680000)
  to   space 13312K, 0% used [0x00000000faf80000,0x00000000faf80000,0x00000000fbc80000)
 ParOldGen       total 87040K, used 16385K [0x00000000c0000000, 0x00000000c5500000, 0x00000000eaa80000)
  object space 87040K, 18% used [0x00000000c0000000,0x00000000c1000588,0x00000000c5500000)
 PSPermGen       total 28672K, used 28381K [0x00000000b0000000, 0x00000000b1c00000, 0x00000000c0000000)
  object space 28672K, 98% used [0x00000000b0000000,0x00000000b1bb7750,0x00000000b1c00000)
}
Event: 18.155 GC heap before
{Heap before GC invocations=9 (full 0):
 PSYoungGen      total 277504K, used 277492K [0x00000000eaa80000, 0x00000000fcc80000, 0x0000000100000000)
  eden space 267264K, 100% used [0x00000000eaa80000,0x00000000faf80000,0x00000000faf80000)
  from space 10240K, 99% used [0x00000000fbc80000,0x00000000fc67d178,0x00000000fc680000)
  to   space 13312K, 0% used [0x00000000faf80000,0x00000000faf80000,0x00000000fbc80000)
 ParOldGen       total 87040K, used 16385K [0x00000000c0000000, 0x00000000c5500000, 0x00000000eaa80000)
  object space 87040K, 18% used [0x00000000c0000000,0x00000000c1000588,0x00000000c5500000)
 PSPermGen       total 41472K, used 41043K [0x00000000b0000000, 0x00000000b2880000, 0x00000000c0000000)
  object space 41472K, 98% used [0x00000000b0000000,0x00000000b2814e00,0x00000000b2880000)
Event: 18.508 GC heap after
Heap after GC invocations=9 (full 0):
 PSYoungGen      total 280576K, used 13312K [0x00000000eaa80000, 0x0000000100000000, 0x0000000100000000)
  eden space 267264K, 0% used [0x00000000eaa80000,0x00000000eaa80000,0x00000000faf80000)
  from space 13312K, 100% used [0x00000000faf80000,0x00000000fbc80000,0x00000000fbc80000)
  to   space 26112K, 0% used [0x00000000fe680000,0x00000000fe680000,0x0000000100000000)
 ParOldGen       total 87040K, used 43511K [0x00000000c0000000, 0x00000000c5500000, 0x00000000eaa80000)
  object space 87040K, 49% used [0x00000000c0000000,0x00000000c2a7df18,0x00000000c5500000)
 PSPermGen       total 41472K, used 41043K [0x00000000b0000000, 0x00000000b2880000, 0x00000000c0000000)
  object space 41472K, 98% used [0x00000000b0000000,0x00000000b2814e00,0x00000000b2880000)
}
Event: 20.655 GC heap before
{Heap before GC invocations=10 (full 0):
 PSYoungGen      total 280576K, used 77920K [0x00000000eaa80000, 0x0000000100000000, 0x0000000100000000)
  eden space 267264K, 24% used [0x00000000eaa80000,0x00000000ee998388,0x00000000faf80000)
  from space 13312K, 100% used [0x00000000faf80000,0x00000000fbc80000,0x00000000fbc80000)
  to   space 26112K, 0% used [0x00000000fe680000,0x00000000fe680000,0x0000000100000000)
 ParOldGen       total 87040K, used 43511K [0x00000000c0000000, 0x00000000c5500000, 0x00000000eaa80000)
  object space 87040K, 49% used [0x00000000c0000000,0x00000000c2a7df18,0x00000000c5500000)
 PSPermGen       total 43520K, used 43214K [0x00000000b0000000, 0x00000000b2a80000, 0x00000000c0000000)
  object space 43520K, 99% used [0x00000000b0000000,0x00000000b2a33990,0x00000000b2a80000)
Event: 21.192 GC heap after
Heap after GC invocations=10 (full 0):
 PSYoungGen      total 321536K, used 16972K [0x00000000eaa80000, 0x0000000100000000, 0x0000000100000000)
  eden space 295424K, 0% used [0x00000000eaa80000,0x00000000eaa80000,0x00000000fcb00000)
  from space 26112K, 64% used [0x00000000fe680000,0x00000000ff7132b8,0x0000000100000000)
  to   space 27136K, 0% used [0x00000000fcb00000,0x00000000fcb00000,0x00000000fe580000)
 ParOldGen       total 87040K, used 46035K [0x00000000c0000000, 0x00000000c5500000, 0x00000000eaa80000)
  object space 87040K, 52% used [0x00000000c0000000,0x00000000c2cf4fc8,0x00000000c5500000)
 PSPermGen       total 43520K, used 43214K [0x00000000b0000000, 0x00000000b2a80000, 0x00000000c0000000)
  object space 43520K, 99% used [0x00000000b0000000,0x00000000b2a33990,0x00000000b2a80000)
}
Event: 21.192 GC heap before
{Heap before GC invocations=11 (full 1):
 PSYoungGen      total 321536K, used 16972K [0x00000000eaa80000, 0x0000000100000000, 0x0000000100000000)
  eden space 295424K, 0% used [0x00000000eaa80000,0x00000000eaa80000,0x00000000fcb00000)
  from space 26112K, 64% used [0x00000000fe680000,0x00000000ff7132b8,0x0000000100000000)
  to   space 27136K, 0% used [0x00000000fcb00000,0x00000000fcb00000,0x00000000fe580000)
 ParOldGen       total 87040K, used 46035K [0x00000000c0000000, 0x00000000c5500000, 0x00000000eaa80000)
  object space 87040K, 52% used [0x00000000c0000000,0x00000000c2cf4fc8,0x00000000c5500000)
 PSPermGen       total 43520K, used 43214K [0x00000000b0000000, 0x00000000b2a80000, 0x00000000c0000000)
  object space 43520K, 99% used [0x00000000b0000000,0x00000000b2a33990,0x00000000b2a80000)
Event: 23.145 GC heap after
Heap after GC invocations=11 (full 1):
 PSYoungGen      total 321536K, used 0K [0x00000000eaa80000, 0x0000000100000000, 0x0000000100000000)
  eden space 295424K, 0% used [0x00000000eaa80000,0x00000000eaa80000,0x00000000fcb00000)
  from space 26112K, 0% used [0x00000000fe680000,0x00000000fe680000,0x0000000100000000)
  to   space 27136K, 0% used [0x00000000fcb00000,0x00000000fcb00000,0x00000000fe580000)
 ParOldGen       total 87040K, used 53308K [0x00000000c0000000, 0x00000000c5500000, 0x00000000eaa80000)
  object space 87040K, 61% used [0x00000000c0000000,0x00000000c340f040,0x00000000c5500000)
 PSPermGen       total 86528K, used 43154K [0x00000000b0000000, 0x00000000b5480000, 0x00000000c0000000)
  object space 86528K, 49% used [0x00000000b0000000,0x00000000b2a248a0,0x00000000b5480000)
}
Event: 103.034 GC heap before
{Heap before GC invocations=12 (full 1):
 PSYoungGen      total 321536K, used 295424K [0x00000000eaa80000, 0x0000000100000000, 0x0000000100000000)
  eden space 295424K, 100% used [0x00000000eaa80000,0x00000000fcb00000,0x00000000fcb00000)
  from space 26112K, 0% used [0x00000000fe680000,0x00000000fe680000,0x0000000100000000)
  to   space 27136K, 0% used [0x00000000fcb00000,0x00000000fcb00000,0x00000000fe580000)
 ParOldGen       total 87040K, used 53308K [0x00000000c0000000, 0x00000000c5500000, 0x00000000eaa80000)
  object space 87040K, 61% used [0x00000000c0000000,0x00000000c340f040,0x00000000c5500000)
 PSPermGen       total 86528K, used 49010K [0x00000000b0000000, 0x00000000b5480000, 0x00000000c0000000)
  object space 86528K, 56% used [0x00000000b0000000,0x00000000b2fdc978,0x00000000b5480000)

