# JRE version: Java(TM) SE Runtime Environment (7.0_79-b15) (build 1.7.0_79-b15)
# Java VM: Java HotSpot(TM) 64-Bit Server VM (24.79-b02 mixed mode windows-amd64 compressed oops)
Heap
 PSYoungGen      total 282624K, used 50235K [0x00000000eaa80000, 0x0000000100000000, 0x0000000100000000)
  eden space 269824K, 13% used [0x00000000eaa80000,0x00000000ecf16000,0x00000000fb200000)
  from space 12800K, 99% used [0x00000000fb200000,0x00000000fbe78ce0,0x00000000fbe80000)
  to   space 28672K, 0% used [0x00000000fe400000,0x00000000fe400000,0x0000000100000000)
 ParOldGen       total 87040K, used 37970K [0x00000000c0000000, 0x00000000c5500000, 0x00000000eaa80000)
  object space 87040K, 43% used [0x00000000c0000000,0x00000000c25148b0,0x00000000c5500000)
 PSPermGen       total 40448K, used 40017K [0x00000000b0000000, 0x00000000b2780000, 0x00000000c0000000)
  object space 40448K, 98% used [0x00000000b0000000,0x00000000b27144d0,0x00000000b2780000)
GC Heap History (10 events):
Event: 8.181 GC heap before
{Heap before GC invocations=3 (full 0):
 PSYoungGen      total 72704K, used 72688K [0x00000000eaa80000, 0x00000000ef680000, 0x0000000100000000)
  eden space 67584K, 100% used [0x00000000eaa80000,0x00000000eec80000,0x00000000eec80000)
  from space 5120K, 99% used [0x00000000ef180000,0x00000000ef67c258,0x00000000ef680000)
  to   space 5120K, 0% used [0x00000000eec80000,0x00000000eec80000,0x00000000ef180000)
 ParOldGen       total 87040K, used 2241K [0x00000000c0000000, 0x00000000c5500000, 0x00000000eaa80000)
  object space 87040K, 2% used [0x00000000c0000000,0x00000000c0230548,0x00000000c5500000)
 PSPermGen       total 21504K, used 21324K [0x00000000b0000000, 0x00000000b1500000, 0x00000000c0000000)
  object space 21504K, 99% used [0x00000000b0000000,0x00000000b14d32f0,0x00000000b1500000)
Event: 8.208 GC heap after
Heap after GC invocations=3 (full 0):
 PSYoungGen      total 72704K, used 5112K [0x00000000eaa80000, 0x00000000f3880000, 0x0000000100000000)
  eden space 67584K, 0% used [0x00000000eaa80000,0x00000000eaa80000,0x00000000eec80000)
  from space 5120K, 99% used [0x00000000eec80000,0x00000000ef17e110,0x00000000ef180000)
  to   space 5120K, 0% used [0x00000000f3380000,0x00000000f3380000,0x00000000f3880000)
 ParOldGen       total 87040K, used 8796K [0x00000000c0000000, 0x00000000c5500000, 0x00000000eaa80000)
  object space 87040K, 10% used [0x00000000c0000000,0x00000000c0897340,0x00000000c5500000)
 PSPermGen       total 21504K, used 21324K [0x00000000b0000000, 0x00000000b1500000, 0x00000000c0000000)
  object space 21504K, 99% used [0x00000000b0000000,0x00000000b14d32f0,0x00000000b1500000)
}
Event: 8.507 GC heap before
{Heap before GC invocations=4 (full 0):
 PSYoungGen      total 72704K, used 72696K [0x00000000eaa80000, 0x00000000f3880000, 0x0000000100000000)
  eden space 67584K, 100% used [0x00000000eaa80000,0x00000000eec80000,0x00000000eec80000)
  from space 5120K, 99% used [0x00000000eec80000,0x00000000ef17e110,0x00000000ef180000)
  to   space 5120K, 0% used [0x00000000f3380000,0x00000000f3380000,0x00000000f3880000)
 ParOldGen       total 87040K, used 8796K [0x00000000c0000000, 0x00000000c5500000, 0x00000000eaa80000)
  object space 87040K, 10% used [0x00000000c0000000,0x00000000c0897340,0x00000000c5500000)
 PSPermGen       total 21504K, used 21337K [0x00000000b0000000, 0x00000000b1500000, 0x00000000c0000000)
  object space 21504K, 99% used [0x00000000b0000000,0x00000000b14d6570,0x00000000b1500000)
Event: 8.516 GC heap after
Heap after GC invocations=4 (full 0):
 PSYoungGen      total 140288K, used 5108K [0x00000000eaa80000, 0x00000000f3880000, 0x0000000100000000)
  eden space 135168K, 0% used [0x00000000eaa80000,0x00000000eaa80000,0x00000000f2e80000)
  from space 5120K, 99% used [0x00000000f3380000,0x00000000f387d0f0,0x00000000f3880000)
  to   space 5120K, 0% used [0x00000000f2e80000,0x00000000f2e80000,0x00000000f3380000)
 ParOldGen       total 87040K, used 9180K [0x00000000c0000000, 0x00000000c5500000, 0x00000000eaa80000)
  object space 87040K, 10% used [0x00000000c0000000,0x00000000c08f7370,0x00000000c5500000)
 PSPermGen       total 21504K, used 21337K [0x00000000b0000000, 0x00000000b1500000, 0x00000000c0000000)
  object space 21504K, 99% used [0x00000000b0000000,0x00000000b14d6570,0x00000000b1500000)
}
Event: 9.263 GC heap before
{Heap before GC invocations=5 (full 0):
 PSYoungGen      total 140288K, used 140276K [0x00000000eaa80000, 0x00000000f3880000, 0x0000000100000000)
  eden space 135168K, 100% used [0x00000000eaa80000,0x00000000f2e80000,0x00000000f2e80000)
  from space 5120K, 99% used [0x00000000f3380000,0x00000000f387d0f0,0x00000000f3880000)
  to   space 5120K, 0% used [0x00000000f2e80000,0x00000000f2e80000,0x00000000f3380000)
 ParOldGen       total 87040K, used 9180K [0x00000000c0000000, 0x00000000c5500000, 0x00000000eaa80000)
  object space 87040K, 10% used [0x00000000c0000000,0x00000000c08f7370,0x00000000c5500000)
 PSPermGen       total 21504K, used 21371K [0x00000000b0000000, 0x00000000b1500000, 0x00000000c0000000)
  object space 21504K, 99% used [0x00000000b0000000,0x00000000b14deca0,0x00000000b1500000)
Event: 9.306 GC heap after
Heap after GC invocations=5 (full 0):
 PSYoungGen      total 140288K, used 5092K [0x00000000eaa80000, 0x00000000fca80000, 0x0000000100000000)
  eden space 135168K, 0% used [0x00000000eaa80000,0x00000000eaa80000,0x00000000f2e80000)
  from space 5120K, 99% used [0x00000000f2e80000,0x00000000f3379100,0x00000000f3380000)
  to   space 12288K, 0% used [0x00000000fbe80000,0x00000000fbe80000,0x00000000fca80000)
 ParOldGen       total 87040K, used 9896K [0x00000000c0000000, 0x00000000c5500000, 0x00000000eaa80000)
  object space 87040K, 11% used [0x00000000c0000000,0x00000000c09aa3b0,0x00000000c5500000)
 PSPermGen       total 21504K, used 21371K [0x00000000b0000000, 0x00000000b1500000, 0x00000000c0000000)
  object space 21504K, 99% used [0x00000000b0000000,0x00000000b14deca0,0x00000000b1500000)
}
Event: 11.033 GC heap before
{Heap before GC invocations=6 (full 0):
 PSYoungGen      total 140288K, used 140260K [0x00000000eaa80000, 0x00000000fca80000, 0x0000000100000000)
  eden space 135168K, 100% used [0x00000000eaa80000,0x00000000f2e80000,0x00000000f2e80000)
  from space 5120K, 99% used [0x00000000f2e80000,0x00000000f3379100,0x00000000f3380000)
  to   space 12288K, 0% used [0x00000000fbe80000,0x00000000fbe80000,0x00000000fca80000)
 ParOldGen       total 87040K, used 9896K [0x00000000c0000000, 0x00000000c5500000, 0x00000000eaa80000)
  object space 87040K, 11% used [0x00000000c0000000,0x00000000c09aa3b0,0x00000000c5500000)
 PSPermGen       total 23552K, used 23151K [0x00000000b0000000, 0x00000000b1700000, 0x00000000c0000000)
  object space 23552K, 98% used [0x00000000b0000000,0x00000000b169bf48,0x00000000b1700000)
Event: 11.308 GC heap after
Heap after GC invocations=6 (full 0):
 PSYoungGen      total 282112K, used 9719K [0x00000000eaa80000, 0x00000000fcb80000, 0x0000000100000000)
  eden space 269824K, 0% used [0x00000000eaa80000,0x00000000eaa80000,0x00000000fb200000)
  from space 12288K, 79% used [0x00000000fbe80000,0x00000000fc7fde58,0x00000000fca80000)
  to   space 12800K, 0% used [0x00000000fb200000,0x00000000fb200000,0x00000000fbe80000)
 ParOldGen       total 87040K, used 9896K [0x00000000c0000000, 0x00000000c5500000, 0x00000000eaa80000)
  object space 87040K, 11% used [0x00000000c0000000,0x00000000c09aa3b0,0x00000000c5500000)
 PSPermGen       total 23552K, used 23151K [0x00000000b0000000, 0x00000000b1700000, 0x00000000c0000000)
  object space 23552K, 98% used [0x00000000b0000000,0x00000000b169bf48,0x00000000b1700000)
}
Event: 16.952 GC heap before
{Heap before GC invocations=7 (full 0):
 PSYoungGen      total 282112K, used 279543K [0x00000000eaa80000, 0x00000000fcb80000, 0x0000000100000000)
  eden space 269824K, 100% used [0x00000000eaa80000,0x00000000fb200000,0x00000000fb200000)
  from space 12288K, 79% used [0x00000000fbe80000,0x00000000fc7fde58,0x00000000fca80000)
  to   space 12800K, 0% used [0x00000000fb200000,0x00000000fb200000,0x00000000fbe80000)
 ParOldGen       total 87040K, used 9896K [0x00000000c0000000, 0x00000000c5500000, 0x00000000eaa80000)
  object space 87040K, 11% used [0x00000000c0000000,0x00000000c09aa3b0,0x00000000c5500000)
 PSPermGen       total 39424K, used 39330K [0x00000000b0000000, 0x00000000b2680000, 0x00000000c0000000)
  object space 39424K, 99% used [0x00000000b0000000,0x00000000b26689a8,0x00000000b2680000)
Event: 17.066 GC heap after
Heap after GC invocations=7 (full 0):
 PSYoungGen      total 282624K, used 12771K [0x00000000eaa80000, 0x0000000100000000, 0x0000000100000000)
  eden space 269824K, 0% used [0x00000000eaa80000,0x00000000eaa80000,0x00000000fb200000)
  from space 12800K, 99% used [0x00000000fb200000,0x00000000fbe78ce0,0x00000000fbe80000)
  to   space 28672K, 0% used [0x00000000fe400000,0x00000000fe400000,0x0000000100000000)
 ParOldGen       total 87040K, used 37970K [0x00000000c0000000, 0x00000000c5500000, 0x00000000eaa80000)
  object space 87040K, 43% used [0x00000000c0000000,0x00000000c25148b0,0x00000000c5500000)
 PSPermGen       total 39424K, used 39330K [0x00000000b0000000, 0x00000000b2680000, 0x00000000c0000000)
  object space 39424K, 99% used [0x00000000b0000000,0x00000000b26689a8,0x00000000b2680000)
}

