# JRE version: Java(TM) SE Runtime Environment (7.0_79-b15) (build 1.7.0_79-b15)
# Java VM: Java HotSpot(TM) 64-Bit Server VM (24.79-b02 mixed mode windows-amd64 compressed oops)
Heap
 PSYoungGen      total 287744K, used 23228K [0x00000000eaa80000, 0x00000000ff980000, 0x0000000100000000)
  eden space 233472K, 9% used [0x00000000eaa80000,0x00000000ec12f208,0x00000000f8e80000)
  from space 54272K, 0% used [0x00000000fc480000,0x00000000fc480000,0x00000000ff980000)
  to   space 54784K, 0% used [0x00000000f8e80000,0x00000000f8e80000,0x00000000fc400000)
 ParOldGen       total 338944K, used 284533K [0x00000000c0000000, 0x00000000d4b00000, 0x00000000eaa80000)
  object space 338944K, 83% used [0x00000000c0000000,0x00000000d15dd428,0x00000000d4b00000)
 PSPermGen       total 262144K, used 252840K [0x00000000b0000000, 0x00000000c0000000, 0x00000000c0000000)
  object space 262144K, 96% used [0x00000000b0000000,0x00000000bf6ea208,0x00000000c0000000)
GC Heap History (10 events):
Event: 4820.433 GC heap before
{Heap before GC invocations=55 (full 15):
 PSYoungGen      total 274944K, used 132616K [0x00000000eaa80000, 0x0000000100000000, 0x0000000100000000)
  eden space 235008K, 39% used [0x00000000eaa80000,0x00000000f050f7e0,0x00000000f9000000)
  from space 39936K, 99% used [0x00000000f9000000,0x00000000fb6f2b50,0x00000000fb700000)
  to   space 58368K, 0% used [0x00000000fc700000,0x00000000fc700000,0x0000000100000000)
 ParOldGen       total 338944K, used 269276K [0x00000000c0000000, 0x00000000d4b00000, 0x00000000eaa80000)
  object space 338944K, 79% used [0x00000000c0000000,0x00000000d06f7388,0x00000000d4b00000)
 PSPermGen       total 262144K, used 243346K [0x00000000b0000000, 0x00000000c0000000, 0x00000000c0000000)
  object space 262144K, 92% used [0x00000000b0000000,0x00000000beda4a18,0x00000000c0000000)
Event: 4820.486 GC heap after
Heap after GC invocations=55 (full 15):
 PSYoungGen      total 291840K, used 36215K [0x00000000eaa80000, 0x0000000100000000, 0x0000000100000000)
  eden space 233472K, 0% used [0x00000000eaa80000,0x00000000eaa80000,0x00000000f8e80000)
  from space 58368K, 62% used [0x00000000fc700000,0x00000000fea5dfa8,0x0000000100000000)
  to   space 57856K, 0% used [0x00000000f8e80000,0x00000000f8e80000,0x00000000fc700000)
 ParOldGen       total 338944K, used 269276K [0x00000000c0000000, 0x00000000d4b00000, 0x00000000eaa80000)
  object space 338944K, 79% used [0x00000000c0000000,0x00000000d06f7388,0x00000000d4b00000)
 PSPermGen       total 262144K, used 243346K [0x00000000b0000000, 0x00000000c0000000, 0x00000000c0000000)
  object space 262144K, 92% used [0x00000000b0000000,0x00000000beda4a18,0x00000000c0000000)
}
Event: 4820.486 GC heap before
{Heap before GC invocations=56 (full 16):
 PSYoungGen      total 291840K, used 36215K [0x00000000eaa80000, 0x0000000100000000, 0x0000000100000000)
  eden space 233472K, 0% used [0x00000000eaa80000,0x00000000eaa80000,0x00000000f8e80000)
  from space 58368K, 62% used [0x00000000fc700000,0x00000000fea5dfa8,0x0000000100000000)
  to   space 57856K, 0% used [0x00000000f8e80000,0x00000000f8e80000,0x00000000fc700000)
 ParOldGen       total 338944K, used 269276K [0x00000000c0000000, 0x00000000d4b00000, 0x00000000eaa80000)
  object space 338944K, 79% used [0x00000000c0000000,0x00000000d06f7388,0x00000000d4b00000)
 PSPermGen       total 262144K, used 243346K [0x00000000b0000000, 0x00000000c0000000, 0x00000000c0000000)
  object space 262144K, 92% used [0x00000000b0000000,0x00000000beda4a18,0x00000000c0000000)
Event: 4821.785 GC heap after
Heap after GC invocations=56 (full 16):
 PSYoungGen      total 291840K, used 0K [0x00000000eaa80000, 0x0000000100000000, 0x0000000100000000)
  eden space 233472K, 0% used [0x00000000eaa80000,0x00000000eaa80000,0x00000000f8e80000)
  from space 58368K, 0% used [0x00000000fc700000,0x00000000fc700000,0x0000000100000000)
  to   space 57856K, 0% used [0x00000000f8e80000,0x00000000f8e80000,0x00000000fc700000)
 ParOldGen       total 338944K, used 293461K [0x00000000c0000000, 0x00000000d4b00000, 0x00000000eaa80000)
  object space 338944K, 86% used [0x00000000c0000000,0x00000000d1e956d0,0x00000000d4b00000)
 PSPermGen       total 262144K, used 243340K [0x00000000b0000000, 0x00000000c0000000, 0x00000000c0000000)
  object space 262144K, 92% used [0x00000000b0000000,0x00000000beda3310,0x00000000c0000000)
}
Event: 4966.378 GC heap before
{Heap before GC invocations=57 (full 16):
 PSYoungGen      total 291840K, used 233472K [0x00000000eaa80000, 0x0000000100000000, 0x0000000100000000)
  eden space 233472K, 100% used [0x00000000eaa80000,0x00000000f8e80000,0x00000000f8e80000)
  from space 58368K, 0% used [0x00000000fc700000,0x00000000fc700000,0x0000000100000000)
  to   space 57856K, 0% used [0x00000000f8e80000,0x00000000f8e80000,0x00000000fc700000)
 ParOldGen       total 338944K, used 293461K [0x00000000c0000000, 0x00000000d4b00000, 0x00000000eaa80000)
  object space 338944K, 86% used [0x00000000c0000000,0x00000000d1e956d0,0x00000000d4b00000)
 PSPermGen       total 262144K, used 252317K [0x00000000b0000000, 0x00000000c0000000, 0x00000000c0000000)
  object space 262144K, 96% used [0x00000000b0000000,0x00000000bf667778,0x00000000c0000000)
Event: 4966.408 GC heap after
Heap after GC invocations=57 (full 16):
 PSYoungGen      total 263680K, used 29766K [0x00000000eaa80000, 0x00000000ffa80000, 0x0000000100000000)
  eden space 233472K, 0% used [0x00000000eaa80000,0x00000000eaa80000,0x00000000f8e80000)
  from space 30208K, 98% used [0x00000000f8e80000,0x00000000fab91b10,0x00000000fac00000)
  to   space 55296K, 0% used [0x00000000fc480000,0x00000000fc480000,0x00000000ffa80000)
 ParOldGen       total 338944K, used 293461K [0x00000000c0000000, 0x00000000d4b00000, 0x00000000eaa80000)
  object space 338944K, 86% used [0x00000000c0000000,0x00000000d1e956d0,0x00000000d4b00000)
 PSPermGen       total 262144K, used 252317K [0x00000000b0000000, 0x00000000c0000000, 0x00000000c0000000)
  object space 262144K, 96% used [0x00000000b0000000,0x00000000bf667778,0x00000000c0000000)
}
Event: 4968.052 GC heap before
{Heap before GC invocations=58 (full 16):
 PSYoungGen      total 263680K, used 71437K [0x00000000eaa80000, 0x00000000ffa80000, 0x0000000100000000)
  eden space 233472K, 17% used [0x00000000eaa80000,0x00000000ed331b00,0x00000000f8e80000)
  from space 30208K, 98% used [0x00000000f8e80000,0x00000000fab91b10,0x00000000fac00000)
  to   space 55296K, 0% used [0x00000000fc480000,0x00000000fc480000,0x00000000ffa80000)
 ParOldGen       total 338944K, used 293461K [0x00000000c0000000, 0x00000000d4b00000, 0x00000000eaa80000)
  object space 338944K, 86% used [0x00000000c0000000,0x00000000d1e956d0,0x00000000d4b00000)
 PSPermGen       total 262144K, used 253356K [0x00000000b0000000, 0x00000000c0000000, 0x00000000c0000000)
  object space 262144K, 96% used [0x00000000b0000000,0x00000000bf76b370,0x00000000c0000000)
Event: 4968.082 GC heap after
Heap after GC invocations=58 (full 16):
 PSYoungGen      total 287744K, used 19722K [0x00000000eaa80000, 0x00000000ff980000, 0x0000000100000000)
  eden space 233472K, 0% used [0x00000000eaa80000,0x00000000eaa80000,0x00000000f8e80000)
  from space 54272K, 36% used [0x00000000fc480000,0x00000000fd7c2a80,0x00000000ff980000)
  to   space 54784K, 0% used [0x00000000f8e80000,0x00000000f8e80000,0x00000000fc400000)
 ParOldGen       total 338944K, used 293461K [0x00000000c0000000, 0x00000000d4b00000, 0x00000000eaa80000)
  object space 338944K, 86% used [0x00000000c0000000,0x00000000d1e956d0,0x00000000d4b00000)
 PSPermGen       total 262144K, used 253356K [0x00000000b0000000, 0x00000000c0000000, 0x00000000c0000000)
  object space 262144K, 96% used [0x00000000b0000000,0x00000000bf76b370,0x00000000c0000000)
}
Event: 4968.082 GC heap before
{Heap before GC invocations=59 (full 17):
 PSYoungGen      total 287744K, used 19722K [0x00000000eaa80000, 0x00000000ff980000, 0x0000000100000000)
  eden space 233472K, 0% used [0x00000000eaa80000,0x00000000eaa80000,0x00000000f8e80000)
  from space 54272K, 36% used [0x00000000fc480000,0x00000000fd7c2a80,0x00000000ff980000)
  to   space 54784K, 0% used [0x00000000f8e80000,0x00000000f8e80000,0x00000000fc400000)
 ParOldGen       total 338944K, used 293461K [0x00000000c0000000, 0x00000000d4b00000, 0x00000000eaa80000)
  object space 338944K, 86% used [0x00000000c0000000,0x00000000d1e956d0,0x00000000d4b00000)
 PSPermGen       total 262144K, used 253356K [0x00000000b0000000, 0x00000000c0000000, 0x00000000c0000000)
  object space 262144K, 96% used [0x00000000b0000000,0x00000000bf76b370,0x00000000c0000000)
Event: 4969.290 GC heap after
Heap after GC invocations=59 (full 17):
 PSYoungGen      total 287744K, used 0K [0x00000000eaa80000, 0x00000000ff980000, 0x0000000100000000)
  eden space 233472K, 0% used [0x00000000eaa80000,0x00000000eaa80000,0x00000000f8e80000)
  from space 54272K, 0% used [0x00000000fc480000,0x00000000fc480000,0x00000000ff980000)
  to   space 54784K, 0% used [0x00000000f8e80000,0x00000000f8e80000,0x00000000fc400000)
 ParOldGen       total 338944K, used 284533K [0x00000000c0000000, 0x00000000d4b00000, 0x00000000eaa80000)
  object space 338944K, 83% used [0x00000000c0000000,0x00000000d15dd428,0x00000000d4b00000)
 PSPermGen       total 262144K, used 252743K [0x00000000b0000000, 0x00000000c0000000, 0x00000000c0000000)
  object space 262144K, 96% used [0x00000000b0000000,0x00000000bf6d1cb8,0x00000000c0000000)
}

