# JRE version: Java(TM) SE Runtime Environment (7.0_79-b15) (build 1.7.0_79-b15)
# Java VM: Java HotSpot(TM) 64-Bit Server VM (24.79-b02 mixed mode windows-amd64 compressed oops)
Heap
 PSYoungGen      total 317952K, used 59005K [0x00000000eaa80000, 0x0000000100000000, 0x0000000100000000)
  eden space 291328K, 20% used [0x00000000eaa80000,0x00000000ee41f530,0x00000000fc700000)
  from space 26624K, 0% used [0x00000000fc700000,0x00000000fc700000,0x00000000fe100000)
  to   space 31744K, 0% used [0x00000000fe100000,0x00000000fe100000,0x0000000100000000)
 ParOldGen       total 87040K, used 51398K [0x00000000c0000000, 0x00000000c5500000, 0x00000000eaa80000)
  object space 87040K, 59% used [0x00000000c0000000,0x00000000c3231bb0,0x00000000c5500000)
 PSPermGen       total 93184K, used 46576K [0x00000000b0000000, 0x00000000b5b00000, 0x00000000c0000000)
  object space 93184K, 49% used [0x00000000b0000000,0x00000000b2d7c3c0,0x00000000b5b00000)
GC Heap History (10 events):
Event: 17.657 GC heap before
{Heap before GC invocations=6 (full 0):
 PSYoungGen      total 140288K, used 140264K [0x00000000eaa80000, 0x00000000fca80000, 0x0000000100000000)
  eden space 135168K, 100% used [0x00000000eaa80000,0x00000000f2e80000,0x00000000f2e80000)
  from space 5120K, 99% used [0x00000000f2e80000,0x00000000f337a100,0x00000000f3380000)
  to   space 12288K, 0% used [0x00000000fbe80000,0x00000000fbe80000,0x00000000fca80000)
 ParOldGen       total 87040K, used 9942K [0x00000000c0000000, 0x00000000c5500000, 0x00000000eaa80000)
  object space 87040K, 11% used [0x00000000c0000000,0x00000000c09b58b8,0x00000000c5500000)
 PSPermGen       total 23552K, used 23161K [0x00000000b0000000, 0x00000000b1700000, 0x00000000c0000000)
  object space 23552K, 98% used [0x00000000b0000000,0x00000000b169e788,0x00000000b1700000)
Event: 17.691 GC heap after
Heap after GC invocations=6 (full 0):
 PSYoungGen      total 282112K, used 9685K [0x00000000eaa80000, 0x00000000fcb80000, 0x0000000100000000)
  eden space 269824K, 0% used [0x00000000eaa80000,0x00000000eaa80000,0x00000000fb200000)
  from space 12288K, 78% used [0x00000000fbe80000,0x00000000fc7f5620,0x00000000fca80000)
  to   space 12800K, 0% used [0x00000000fb200000,0x00000000fb200000,0x00000000fbe80000)
 ParOldGen       total 87040K, used 9942K [0x00000000c0000000, 0x00000000c5500000, 0x00000000eaa80000)
  object space 87040K, 11% used [0x00000000c0000000,0x00000000c09b58b8,0x00000000c5500000)
 PSPermGen       total 23552K, used 23161K [0x00000000b0000000, 0x00000000b1700000, 0x00000000c0000000)
  object space 23552K, 98% used [0x00000000b0000000,0x00000000b169e788,0x00000000b1700000)
}
Event: 24.598 GC heap before
{Heap before GC invocations=7 (full 0):
 PSYoungGen      total 282112K, used 279509K [0x00000000eaa80000, 0x00000000fcb80000, 0x0000000100000000)
  eden space 269824K, 100% used [0x00000000eaa80000,0x00000000fb200000,0x00000000fb200000)
  from space 12288K, 78% used [0x00000000fbe80000,0x00000000fc7f5620,0x00000000fca80000)
  to   space 12800K, 0% used [0x00000000fb200000,0x00000000fb200000,0x00000000fbe80000)
 ParOldGen       total 87040K, used 9942K [0x00000000c0000000, 0x00000000c5500000, 0x00000000eaa80000)
  object space 87040K, 11% used [0x00000000c0000000,0x00000000c09b58b8,0x00000000c5500000)
 PSPermGen       total 29184K, used 28691K [0x00000000b0000000, 0x00000000b1c80000, 0x00000000c0000000)
  object space 29184K, 98% used [0x00000000b0000000,0x00000000b1c04c98,0x00000000b1c80000)
Event: 24.635 GC heap after
Heap after GC invocations=7 (full 0):
 PSYoungGen      total 282624K, used 12794K [0x00000000eaa80000, 0x0000000100000000, 0x0000000100000000)
  eden space 269824K, 0% used [0x00000000eaa80000,0x00000000eaa80000,0x00000000fb200000)
  from space 12800K, 99% used [0x00000000fb200000,0x00000000fbe7e808,0x00000000fbe80000)
  to   space 16896K, 0% used [0x00000000fef80000,0x00000000fef80000,0x0000000100000000)
 ParOldGen       total 87040K, used 13854K [0x00000000c0000000, 0x00000000c5500000, 0x00000000eaa80000)
  object space 87040K, 15% used [0x00000000c0000000,0x00000000c0d87a90,0x00000000c5500000)
 PSPermGen       total 29184K, used 28691K [0x00000000b0000000, 0x00000000b1c80000, 0x00000000c0000000)
  object space 29184K, 98% used [0x00000000b0000000,0x00000000b1c04c98,0x00000000b1c80000)
}
Event: 34.911 GC heap before
{Heap before GC invocations=8 (full 0):
 PSYoungGen      total 282624K, used 282618K [0x00000000eaa80000, 0x0000000100000000, 0x0000000100000000)
  eden space 269824K, 100% used [0x00000000eaa80000,0x00000000fb200000,0x00000000fb200000)
  from space 12800K, 99% used [0x00000000fb200000,0x00000000fbe7e808,0x00000000fbe80000)
  to   space 16896K, 0% used [0x00000000fef80000,0x00000000fef80000,0x0000000100000000)
 ParOldGen       total 87040K, used 13854K [0x00000000c0000000, 0x00000000c5500000, 0x00000000eaa80000)
  object space 87040K, 15% used [0x00000000c0000000,0x00000000c0d87a90,0x00000000c5500000)
 PSPermGen       total 43008K, used 42804K [0x00000000b0000000, 0x00000000b2a00000, 0x00000000c0000000)
  object space 43008K, 99% used [0x00000000b0000000,0x00000000b29cd3f0,0x00000000b2a00000)
Event: 35.015 GC heap after
Heap after GC invocations=8 (full 0):
 PSYoungGen      total 308224K, used 16874K [0x00000000eaa80000, 0x0000000100000000, 0x0000000100000000)
  eden space 291328K, 0% used [0x00000000eaa80000,0x00000000eaa80000,0x00000000fc700000)
  from space 16896K, 99% used [0x00000000fef80000,0x00000000ffffaa60,0x0000000100000000)
  to   space 29184K, 0% used [0x00000000fc700000,0x00000000fc700000,0x00000000fe380000)
 ParOldGen       total 87040K, used 36485K [0x00000000c0000000, 0x00000000c5500000, 0x00000000eaa80000)
  object space 87040K, 41% used [0x00000000c0000000,0x00000000c23a1720,0x00000000c5500000)
 PSPermGen       total 43008K, used 42804K [0x00000000b0000000, 0x00000000b2a00000, 0x00000000c0000000)
  object space 43008K, 99% used [0x00000000b0000000,0x00000000b29cd3f0,0x00000000b2a00000)
}
Event: 39.132 GC heap before
{Heap before GC invocations=9 (full 0):
 PSYoungGen      total 308224K, used 143183K [0x00000000eaa80000, 0x0000000100000000, 0x0000000100000000)
  eden space 291328K, 43% used [0x00000000eaa80000,0x00000000f25d9518,0x00000000fc700000)
  from space 16896K, 99% used [0x00000000fef80000,0x00000000ffffaa60,0x0000000100000000)
  to   space 29184K, 0% used [0x00000000fc700000,0x00000000fc700000,0x00000000fe380000)
 ParOldGen       total 87040K, used 36485K [0x00000000c0000000, 0x00000000c5500000, 0x00000000eaa80000)
  object space 87040K, 41% used [0x00000000c0000000,0x00000000c23a1720,0x00000000c5500000)
 PSPermGen       total 46592K, used 46536K [0x00000000b0000000, 0x00000000b2d80000, 0x00000000c0000000)
  object space 46592K, 99% used [0x00000000b0000000,0x00000000b2d72000,0x00000000b2d80000)
Event: 39.183 GC heap after
Heap after GC invocations=9 (full 0):
 PSYoungGen      total 317952K, used 26270K [0x00000000eaa80000, 0x0000000100000000, 0x0000000100000000)
  eden space 291328K, 0% used [0x00000000eaa80000,0x00000000eaa80000,0x00000000fc700000)
  from space 26624K, 98% used [0x00000000fc700000,0x00000000fe0a7b20,0x00000000fe100000)
  to   space 31744K, 0% used [0x00000000fe100000,0x00000000fe100000,0x0000000100000000)
 ParOldGen       total 87040K, used 39185K [0x00000000c0000000, 0x00000000c5500000, 0x00000000eaa80000)
  object space 87040K, 45% used [0x00000000c0000000,0x00000000c2644790,0x00000000c5500000)
 PSPermGen       total 46592K, used 46536K [0x00000000b0000000, 0x00000000b2d80000, 0x00000000c0000000)
  object space 46592K, 99% used [0x00000000b0000000,0x00000000b2d72000,0x00000000b2d80000)
}
Event: 39.183 GC heap before
{Heap before GC invocations=10 (full 1):
 PSYoungGen      total 317952K, used 26270K [0x00000000eaa80000, 0x0000000100000000, 0x0000000100000000)
  eden space 291328K, 0% used [0x00000000eaa80000,0x00000000eaa80000,0x00000000fc700000)
  from space 26624K, 98% used [0x00000000fc700000,0x00000000fe0a7b20,0x00000000fe100000)
  to   space 31744K, 0% used [0x00000000fe100000,0x00000000fe100000,0x0000000100000000)
 ParOldGen       total 87040K, used 39185K [0x00000000c0000000, 0x00000000c5500000, 0x00000000eaa80000)
  object space 87040K, 45% used [0x00000000c0000000,0x00000000c2644790,0x00000000c5500000)
 PSPermGen       total 46592K, used 46536K [0x00000000b0000000, 0x00000000b2d80000, 0x00000000c0000000)
  object space 46592K, 99% used [0x00000000b0000000,0x00000000b2d72000,0x00000000b2d80000)
Event: 39.610 GC heap after
Heap after GC invocations=10 (full 1):
 PSYoungGen      total 317952K, used 0K [0x00000000eaa80000, 0x0000000100000000, 0x0000000100000000)
  eden space 291328K, 0% used [0x00000000eaa80000,0x00000000eaa80000,0x00000000fc700000)
  from space 26624K, 0% used [0x00000000fc700000,0x00000000fc700000,0x00000000fe100000)
  to   space 31744K, 0% used [0x00000000fe100000,0x00000000fe100000,0x0000000100000000)
 ParOldGen       total 87040K, used 51398K [0x00000000c0000000, 0x00000000c5500000, 0x00000000eaa80000)
  object space 87040K, 59% used [0x00000000c0000000,0x00000000c3231bb0,0x00000000c5500000)
 PSPermGen       total 93184K, used 46437K [0x00000000b0000000, 0x00000000b5b00000, 0x00000000c0000000)
  object space 93184K, 49% used [0x00000000b0000000,0x00000000b2d59748,0x00000000b5b00000)
}

